C:\STANFORD\COURSES\C++\GAME_SNAKE\DEBUG\GAME_SNAKE.EXE
C:\STANFORD\COURSES\C++\GAME_SNAKE\DEBUG\GAME_SNAKE.ILK
C:\STANFORD\COURSES\C++\GAME_SNAKE\DEBUG\GAME_SNAKE.PDB
C:\Stanford\Courses\C++\Game_Snake\Game_Snake\Debug\cl.command.1.tlog
C:\Stanford\Courses\C++\Game_Snake\Game_Snake\Debug\CL.read.1.tlog
C:\Stanford\Courses\C++\Game_Snake\Game_Snake\Debug\CL.write.1.tlog
C:\STANFORD\COURSES\C++\GAME_SNAKE\GAME_SNAKE\DEBUG\GAME_SNAKE.EXE.EMBED.MANIFEST
C:\STANFORD\COURSES\C++\GAME_SNAKE\GAME_SNAKE\DEBUG\GAME_SNAKE.EXE.EMBED.MANIFEST.RES
C:\STANFORD\COURSES\C++\GAME_SNAKE\GAME_SNAKE\DEBUG\GAME_SNAKE.EXE.INTERMEDIATE.MANIFEST
C:\STANFORD\COURSES\C++\GAME_SNAKE\GAME_SNAKE\DEBUG\GAME_SNAKE.OBJ
C:\STANFORD\COURSES\C++\GAME_SNAKE\GAME_SNAKE\DEBUG\GAME_SNAKE.PCH
C:\Stanford\Courses\C++\Game_Snake\Game_Snake\Debug\Game_Snake.vcxprojResolveAssemblyReference.cache
C:\Stanford\Courses\C++\Game_Snake\Game_Snake\Debug\Game_Snake.write.1.tlog
C:\Stanford\Courses\C++\Game_Snake\Game_Snake\Debug\Game_Snake_manifest.rc
C:\Stanford\Courses\C++\Game_Snake\Game_Snake\Debug\link.184.read.1.tlog
C:\Stanford\Courses\C++\Game_Snake\Game_Snake\Debug\link.184.write.1.tlog
C:\Stanford\Courses\C++\Game_Snake\Game_Snake\Debug\link.184-cvtres.read.1.tlog
C:\Stanford\Courses\C++\Game_Snake\Game_Snake\Debug\link.184-cvtres.write.1.tlog
C:\Stanford\Courses\C++\Game_Snake\Game_Snake\Debug\link.3096.read.1.tlog
C:\Stanford\Courses\C++\Game_Snake\Game_Snake\Debug\link.3096.write.1.tlog
C:\Stanford\Courses\C++\Game_Snake\Game_Snake\Debug\link.3096-cvtres.read.1.tlog
C:\Stanford\Courses\C++\Game_Snake\Game_Snake\Debug\link.3096-cvtres.write.1.tlog
C:\Stanford\Courses\C++\Game_Snake\Game_Snake\Debug\link.9020.read.1.tlog
C:\Stanford\Courses\C++\Game_Snake\Game_Snake\Debug\link.9020.write.1.tlog
C:\Stanford\Courses\C++\Game_Snake\Game_Snake\Debug\link.9020-cvtres.read.1.tlog
C:\Stanford\Courses\C++\Game_Snake\Game_Snake\Debug\link.9020-cvtres.write.1.tlog
C:\Stanford\Courses\C++\Game_Snake\Game_Snake\Debug\link.command.1.tlog
C:\Stanford\Courses\C++\Game_Snake\Game_Snake\Debug\link.read.1.tlog
C:\Stanford\Courses\C++\Game_Snake\Game_Snake\Debug\link.write.1.tlog
C:\Stanford\Courses\C++\Game_Snake\Game_Snake\Debug\link-cvtres.read.1.tlog
C:\Stanford\Courses\C++\Game_Snake\Game_Snake\Debug\link-cvtres.write.1.tlog
C:\Stanford\Courses\C++\Game_Snake\Game_Snake\Debug\mt.command.1.tlog
C:\Stanford\Courses\C++\Game_Snake\Game_Snake\Debug\mt.read.1.tlog
C:\Stanford\Courses\C++\Game_Snake\Game_Snake\Debug\mt.write.1.tlog
C:\Stanford\Courses\C++\Game_Snake\Game_Snake\Debug\rc.command.1.tlog
C:\Stanford\Courses\C++\Game_Snake\Game_Snake\Debug\rc.read.1.tlog
C:\Stanford\Courses\C++\Game_Snake\Game_Snake\Debug\rc.write.1.tlog
C:\STANFORD\COURSES\C++\GAME_SNAKE\GAME_SNAKE\DEBUG\STDAFX.OBJ
C:\Stanford\Courses\C++\Game_Snake\Game_Snake\Debug\vc100.idb
C:\STANFORD\COURSES\C++\GAME_SNAKE\GAME_SNAKE\DEBUG\VC100.PDB
