Build started 23/05/2017 2:50:34 PM.
     1>Project "C:\Stanford\Courses\C++\Game_Snake\Game_Snake\Game_Snake.vcxproj" on node 2 (build target(s)).
     1>InitializeBuildStatus:
         Creating "Debug\Game_Snake.unsuccessfulbuild" because "AlwaysCreate" was specified.
       ClCompile:
         All outputs are up-to-date.
         c:\Program Files (x86)\Microsoft Visual Studio 10.0\VC\bin\CL.exe /c /ZI /nologo /W3 /WX- /Od /Oy- /D WIN32 /D _DEBUG /D _CONSOLE /D _UNICODE /D UNICODE /Gm /EHsc /RTC1 /MDd /GS /fp:precise /Zc:wchar_t /Zc:forScope /Yu"StdAfx.h" /Fp"Debug\Game_Snake.pch" /Fo"Debug\\" /Fd"Debug\vc100.pdb" /Gd /TP /analyze- /errorReport:prompt Game_Snake.cpp
         Game_Snake.cpp
     1>c:\stanford\courses\c++\game_snake\game_snake\game_snake.cpp(188): warning C4244: 'argument' : conversion from 'time_t' to 'unsigned int', possible loss of data
       ManifestResourceCompile:
         All outputs are up-to-date.
       Link:
         c:\Program Files (x86)\Microsoft Visual Studio 10.0\VC\bin\link.exe /ERRORREPORT:PROMPT /OUT:"C:\Stanford\Courses\C++\Game_Snake\Debug\Game_Snake.exe" /INCREMENTAL /NOLOGO kernel32.lib user32.lib gdi32.lib winspool.lib comdlg32.lib advapi32.lib shell32.lib ole32.lib oleaut32.lib uuid.lib odbc32.lib odbccp32.lib /MANIFEST /ManifestFile:"Debug\Game_Snake.exe.intermediate.manifest" /MANIFESTUAC:"level='asInvoker' uiAccess='false'" /DEBUG /PDB:"C:\Stanford\Courses\C++\Game_Snake\Debug\Game_Snake.pdb" /SUBSYSTEM:CONSOLE /TLBID:1 /DYNAMICBASE /NXCOMPAT /IMPLIB:"C:\Stanford\Courses\C++\Game_Snake\Debug\Game_Snake.lib" /MACHINE:X86 Debug\Game_Snake.exe.embed.manifest.res
         Debug\Game_Snake.obj
         Debug\stdafx.obj
       Manifest:
         C:\Program Files (x86)\Microsoft SDKs\Windows\v7.0A\bin\mt.exe /nologo /verbose /out:"Debug\Game_Snake.exe.embed.manifest" /manifest Debug\Game_Snake.exe.intermediate.manifest
         All outputs are up-to-date.
       LinkEmbedManifest:
         All outputs are up-to-date.
         Game_Snake.vcxproj -> C:\Stanford\Courses\C++\Game_Snake\Debug\Game_Snake.exe
       FinalizeBuildStatus:
         Deleting file "Debug\Game_Snake.unsuccessfulbuild".
         Touching "Debug\Game_Snake.lastbuildstate".
     1>Done Building Project "C:\Stanford\Courses\C++\Game_Snake\Game_Snake\Game_Snake.vcxproj" (build target(s)).

Build succeeded.

Time Elapsed 00:00:01.86
